<?xml version="1.0" encoding="UTF-8"?>
<!-- Generated by org.testng.reporters.JUnitReportReporter -->
<testsuite hostname="LAPTOP-RPKGN613" failures="0" tests="3" name="SignInTest" time="97.002" errors="0" timestamp="2 Dec 2022 20:03:48 GMT">
  <testcase classname="SignInTest" name="testJoscoSigninTestCase1" time="11.091"/>
  <testcase classname="SignInTest" name="testJoscoTestCase3" time="46.126"/>
  <testcase classname="SignInTest" name="testProductCheckTestCase2" time="39.785"/>
</testsuite> <!-- SignInTest -->
