<?xml version="1.0" encoding="UTF-8"?>
<!-- Generated by org.testng.reporters.JUnitReportReporter -->
<testsuite hostname="LAPTOP-RPKGN613" failures="0" tests="3" name="SignInTest" time="125.625" errors="0" timestamp="6 Dec 2022 00:25:39 GMT">
  <testcase classname="SignInTest" name="testJoscoSigninTestCase1" time="17.607"/>
  <testcase classname="SignInTest" name="testProductCheckTestCase2" time="60.625"/>
  <testcase classname="SignInTest" name="testJoscoTestCase3" time="47.393"/>
</testsuite> <!-- SignInTest -->
